<?xml version="1.0" encoding="UTF-8"?>
<!-- Generated by org.testng.reporters.JUnitXMLReporter -->
<testsuite hostname="silverone1" ignored="0" name="login test" tests="1" failures="1" timestamp="2020-04-22T17:17:59 CDT" time="0.145" errors="0">
  <testcase name="loginTest" time="0.0" classname="testPage.LoginTest">
    <failure type="org.testng.TestNGException" message="
Parameter &amp;apos;username&amp;apos; is required by @Test on method loginTest but has not been marked @Optional or defined
in C:\Users\nshrestha\Desktop\Selenium\bdd_techfios\BDD\data\TestNG.xml">
      <![CDATA[org.testng.TestNGException: 
Parameter 'username' is required by @Test on method loginTest but has not been marked @Optional or defined
in C:\Users\nshrestha\Desktop\Selenium\bdd_techfios\BDD\data\TestNG.xml
at java.util.ArrayList.forEach(Unknown Source)
... Removed 26 stack frames]]>
    </failure>
  </testcase> <!-- loginTest -->
</testsuite> <!-- login test -->
